                                      1 ;--------------------------------------------------------
                                      2 ; File Created by SDCC : free open source ANSI-C Compiler
                                      3 ; Version 3.5.0 #9253 (Apr  3 2018) (Linux)
                                      4 ; This file was generated Thu Apr  8 21:44:28 2021
                                      5 ;--------------------------------------------------------
                                      6 	.module main
                                      7 	.optsdcc -mstm8
                                      8 	
                                      9 ;--------------------------------------------------------
                                     10 ; Public variables in this module
                                     11 ;--------------------------------------------------------
                                     12 	.globl _main
                                     13 	.globl _uart_init
                                     14 	.globl _printf
                                     15 	.globl _putchar
                                     16 ;--------------------------------------------------------
                                     17 ; ram data
                                     18 ;--------------------------------------------------------
                                     19 	.area DATA
                                     20 ;--------------------------------------------------------
                                     21 ; ram data
                                     22 ;--------------------------------------------------------
                                     23 	.area INITIALIZED
                                     24 ;--------------------------------------------------------
                                     25 ; Stack segment in internal ram 
                                     26 ;--------------------------------------------------------
                                     27 	.area	SSEG
      000000                         28 __start__stack:
      000000                         29 	.ds	1
                                     30 
                                     31 ;--------------------------------------------------------
                                     32 ; absolute external ram data
                                     33 ;--------------------------------------------------------
                                     34 	.area DABS (ABS)
                                     35 ;--------------------------------------------------------
                                     36 ; interrupt vector 
                                     37 ;--------------------------------------------------------
                                     38 	.area HOME
      000000                         39 __interrupt_vect:
      000000 82v00u00u00             40 	int s_GSINIT ;reset
      000004 82 00 00 00             41 	int 0x0000 ;trap
      000008 82 00 00 00             42 	int 0x0000 ;int0
      00000C 82 00 00 00             43 	int 0x0000 ;int1
      000010 82 00 00 00             44 	int 0x0000 ;int2
      000014 82 00 00 00             45 	int 0x0000 ;int3
      000018 82 00 00 00             46 	int 0x0000 ;int4
      00001C 82 00 00 00             47 	int 0x0000 ;int5
      000020 82 00 00 00             48 	int 0x0000 ;int6
      000024 82 00 00 00             49 	int 0x0000 ;int7
      000028 82 00 00 00             50 	int 0x0000 ;int8
      00002C 82 00 00 00             51 	int 0x0000 ;int9
      000030 82 00 00 00             52 	int 0x0000 ;int10
      000034 82 00 00 00             53 	int 0x0000 ;int11
      000038 82 00 00 00             54 	int 0x0000 ;int12
      00003C 82 00 00 00             55 	int 0x0000 ;int13
      000040 82 00 00 00             56 	int 0x0000 ;int14
      000044 82 00 00 00             57 	int 0x0000 ;int15
      000048 82 00 00 00             58 	int 0x0000 ;int16
      00004C 82 00 00 00             59 	int 0x0000 ;int17
      000050 82 00 00 00             60 	int 0x0000 ;int18
      000054 82 00 00 00             61 	int 0x0000 ;int19
      000058 82 00 00 00             62 	int 0x0000 ;int20
      00005C 82 00 00 00             63 	int 0x0000 ;int21
      000060 82 00 00 00             64 	int 0x0000 ;int22
      000064 82 00 00 00             65 	int 0x0000 ;int23
      000068 82 00 00 00             66 	int 0x0000 ;int24
      00006C 82 00 00 00             67 	int 0x0000 ;int25
      000070 82 00 00 00             68 	int 0x0000 ;int26
      000074 82 00 00 00             69 	int 0x0000 ;int27
      000078 82 00 00 00             70 	int 0x0000 ;int28
      00007C 82 00 00 00             71 	int 0x0000 ;int29
                                     72 ;--------------------------------------------------------
                                     73 ; global & static initialisations
                                     74 ;--------------------------------------------------------
                                     75 	.area HOME
                                     76 	.area GSINIT
                                     77 	.area GSFINAL
                                     78 	.area GSINIT
      000000                         79 __sdcc_gs_init_startup:
      000000                         80 __sdcc_init_data:
                                     81 ; stm8_genXINIT() start
      000000 AEr00r00         [ 2]   82 	ldw x, #l_DATA
      000003 27 07            [ 1]   83 	jreq	00002$
      000005                         84 00001$:
      000005 72 4FuFFuFF      [ 1]   85 	clr (s_DATA - 1, x)
      000009 5A               [ 2]   86 	decw x
      00000A 26 F9            [ 1]   87 	jrne	00001$
      00000C                         88 00002$:
      00000C AEr00r00         [ 2]   89 	ldw	x, #l_INITIALIZER
      00000F 27 09            [ 1]   90 	jreq	00004$
      000011                         91 00003$:
      000011 D6uFFuFF         [ 1]   92 	ld	a, (s_INITIALIZER - 1, x)
      000014 D7uFFuFF         [ 1]   93 	ld	(s_INITIALIZED - 1, x), a
      000017 5A               [ 2]   94 	decw	x
      000018 26 F7            [ 1]   95 	jrne	00003$
      00001A                         96 00004$:
                                     97 ; stm8_genXINIT() end
                                     98 	.area GSFINAL
      000000 CCr00r80         [ 2]   99 	jp	__sdcc_program_startup
                                    100 ;--------------------------------------------------------
                                    101 ; Home
                                    102 ;--------------------------------------------------------
                                    103 	.area HOME
                                    104 	.area HOME
      000080                        105 __sdcc_program_startup:
      000080 CCr00r6D         [ 2]  106 	jp	_main
                                    107 ;	return from main will return to caller
                                    108 ;--------------------------------------------------------
                                    109 ; code
                                    110 ;--------------------------------------------------------
                                    111 	.area CODE
                                    112 ;	main.c: 37: static inline void delay_ms(uint16_t ms){
                                    113 ;	-----------------------------------------
                                    114 ;	 function delay_ms
                                    115 ;	-----------------------------------------
      000000                        116 _delay_ms:
      000000 52 08            [ 2]  117 	sub	sp, #8
                                    118 ;	main.c: 40: for(i = 0; i < ((F_CPU / DELAY_FACTOR) * ms); i++){
      000002 5F               [ 1]  119 	clrw	x
      000003 1F 03            [ 2]  120 	ldw	(0x03, sp), x
      000005 1F 01            [ 2]  121 	ldw	(0x01, sp), x
      000007                        122 00103$:
      000007 16 0B            [ 2]  123 	ldw	y, (0x0b, sp)
      000009 5F               [ 1]  124 	clrw	x
      00000A 90 89            [ 2]  125 	pushw	y
      00000C 89               [ 2]  126 	pushw	x
      00000D 4B E8            [ 1]  127 	push	#0xe8
      00000F 4B 03            [ 1]  128 	push	#0x03
      000011 5F               [ 1]  129 	clrw	x
      000012 89               [ 2]  130 	pushw	x
      000013 CDr00r00         [ 4]  131 	call	__mullong
      000016 5B 08            [ 2]  132 	addw	sp, #8
      000018 1F 07            [ 2]  133 	ldw	(0x07, sp), x
      00001A 17 05            [ 2]  134 	ldw	(0x05, sp), y
      00001C 1E 03            [ 2]  135 	ldw	x, (0x03, sp)
      00001E 13 07            [ 2]  136 	cpw	x, (0x07, sp)
      000020 7B 02            [ 1]  137 	ld	a, (0x02, sp)
      000022 12 06            [ 1]  138 	sbc	a, (0x06, sp)
      000024 7B 01            [ 1]  139 	ld	a, (0x01, sp)
      000026 12 05            [ 1]  140 	sbc	a, (0x05, sp)
      000028 24 16            [ 1]  141 	jrnc	00105$
                                    142 ;	main.c: 41: __asm__("nop");
      00002A 9D               [ 1]  143 	nop
                                    144 ;	main.c: 40: for(i = 0; i < ((F_CPU / DELAY_FACTOR) * ms); i++){
      00002B 1E 03            [ 2]  145 	ldw	x, (0x03, sp)
      00002D 1C 00 01         [ 2]  146 	addw	x, #0x0001
      000030 1F 03            [ 2]  147 	ldw	(0x03, sp), x
      000032 7B 02            [ 1]  148 	ld	a, (0x02, sp)
      000034 A9 00            [ 1]  149 	adc	a, #0x00
      000036 6B 02            [ 1]  150 	ld	(0x02, sp), a
      000038 7B 01            [ 1]  151 	ld	a, (0x01, sp)
      00003A A9 00            [ 1]  152 	adc	a, #0x00
      00003C 6B 01            [ 1]  153 	ld	(0x01, sp), a
      00003E 20 C7            [ 2]  154 	jra	00103$
      000040                        155 00105$:
      000040 5B 08            [ 2]  156 	addw	sp, #8
      000042 81               [ 4]  157 	ret
                                    158 ;	main.c: 45: void uart_init(){
                                    159 ;	-----------------------------------------
                                    160 ;	 function uart_init
                                    161 ;	-----------------------------------------
      000043                        162 _uart_init:
                                    163 ;	main.c: 46: CLK_CKDIVR = 0x00; // set clock freq to 16MHz (no divider)
      000043 35 00 50 C6      [ 1]  164 	mov	0x50c6+0, #0x00
                                    165 ;	main.c: 47: CLK_PCKENR1 = 0xFF; // enable all peripherals
      000047 35 FF 50 C7      [ 1]  166 	mov	0x50c7+0, #0xff
                                    167 ;	main.c: 48: UART1_CR2 = UART_CR2_TEN;	// enable TX
      00004B 35 08 52 35      [ 1]  168 	mov	0x5235+0, #0x08
                                    169 ;	main.c: 49: UART1_CR3 &= ~(UART_CR3_STOP1 | UART_CR3_STOP2);	// use 1 stop bit
      00004F AE 52 36         [ 2]  170 	ldw	x, #0x5236
      000052 F6               [ 1]  171 	ld	a, (x)
      000053 A4 CF            [ 1]  172 	and	a, #0xcf
      000055 F7               [ 1]  173 	ld	(x), a
                                    174 ;	main.c: 50: UART1_BRR2 = 0x0B;	// UART_DIV = (F_CPU / baud); 0x0683 = (16000000/9600)
      000056 35 0B 52 33      [ 1]  175 	mov	0x5233+0, #0x0b
                                    176 ;	main.c: 51: UART1_BRR1 = 0x08;	// Move MSB and LSB to BRR2, then middle two bits to BRR1;				// set baud rate to 9600. Confusing, I know
      00005A 35 08 52 32      [ 1]  177 	mov	0x5232+0, #0x08
      00005E 81               [ 4]  178 	ret
                                    179 ;	main.c: 54: void putchar(char c){
                                    180 ;	-----------------------------------------
                                    181 ;	 function putchar
                                    182 ;	-----------------------------------------
      00005F                        183 _putchar:
                                    184 ;	main.c: 55: while(!(UART1_SR & UART_SR_TXE));
      00005F                        185 00101$:
      00005F AE 52 30         [ 2]  186 	ldw	x, #0x5230
      000062 F6               [ 1]  187 	ld	a, (x)
      000063 4D               [ 1]  188 	tnz	a
      000064 2A F9            [ 1]  189 	jrpl	00101$
                                    190 ;	main.c: 57: UART1_DR = c;
      000066 AE 52 31         [ 2]  191 	ldw	x, #0x5231
      000069 7B 03            [ 1]  192 	ld	a, (0x03, sp)
      00006B F7               [ 1]  193 	ld	(x), a
      00006C 81               [ 4]  194 	ret
                                    195 ;	main.c: 61: void main(void){
                                    196 ;	-----------------------------------------
                                    197 ;	 function main
                                    198 ;	-----------------------------------------
      00006D                        199 _main:
                                    200 ;	main.c: 63: PB_DDR |= (1<<LED_PIN);
      00006D AE 50 07         [ 2]  201 	ldw	x, #0x5007
      000070 F6               [ 1]  202 	ld	a, (x)
      000071 AA 20            [ 1]  203 	or	a, #0x20
      000073 F7               [ 1]  204 	ld	(x), a
                                    205 ;	main.c: 64: PB_CR1 |= (1<<LED_PIN);
      000074 AE 50 08         [ 2]  206 	ldw	x, #0x5008
      000077 F6               [ 1]  207 	ld	a, (x)
      000078 AA 20            [ 1]  208 	or	a, #0x20
      00007A F7               [ 1]  209 	ld	(x), a
                                    210 ;	main.c: 66: uart_init();
      00007B CDr00r43         [ 4]  211 	call	_uart_init
                                    212 ;	main.c: 68: while (1) {
      00007E                        213 00102$:
                                    214 ;	main.c: 69: printf("\\");
      00007E AEr00rA5         [ 2]  215 	ldw	x, #___str_0+0
      000081 89               [ 2]  216 	pushw	x
      000082 CDr00r00         [ 4]  217 	call	_printf
      000085 5B 02            [ 2]  218 	addw	sp, #2
                                    219 ;	main.c: 40: for(i = 0; i < ((F_CPU / DELAY_FACTOR) * ms); i++){
      000087 90 5F            [ 1]  220 	clrw	y
      000089 5F               [ 1]  221 	clrw	x
      00008A                        222 00107$:
      00008A 90 A3 03 E8      [ 2]  223 	cpw	y, #0x03e8
      00008E 9F               [ 1]  224 	ld	a, xl
      00008F A2 00            [ 1]  225 	sbc	a, #0x00
      000091 9E               [ 1]  226 	ld	a, xh
      000092 A2 00            [ 1]  227 	sbc	a, #0x00
      000094 24 E8            [ 1]  228 	jrnc	00102$
                                    229 ;	main.c: 41: __asm__("nop");
      000096 9D               [ 1]  230 	nop
                                    231 ;	main.c: 40: for(i = 0; i < ((F_CPU / DELAY_FACTOR) * ms); i++){
      000097 72 A9 00 01      [ 2]  232 	addw	y, #0x0001
      00009B 9F               [ 1]  233 	ld	a, xl
      00009C A9 00            [ 1]  234 	adc	a, #0x00
      00009E 02               [ 1]  235 	rlwa	x
      00009F A9 00            [ 1]  236 	adc	a, #0x00
      0000A1 95               [ 1]  237 	ld	xh, a
      0000A2 20 E6            [ 2]  238 	jra	00107$
                                    239 ;	main.c: 70: delay_ms(1);
      0000A4 81               [ 4]  240 	ret
                                    241 	.area CODE
      0000A5                        242 ___str_0:
      0000A5 5C                     243 	.db 0x5C
      0000A6 00                     244 	.db 0x00
                                    245 	.area INITIALIZER
                                    246 	.area CABS (ABS)
